{"numTotalTestSuites":19,"numPassedTestSuites":19,"numFailedTestSuites":0,"numPendingTestSuites":0,"numTotalTests":39,"numPassedTests":39,"numFailedTests":0,"numPendingTests":0,"numTodoTests":0,"snapshot":{"added":0,"failure":false,"filesAdded":0,"filesRemoved":0,"filesRemovedList":[],"filesUnmatched":0,"filesUpdated":0,"matched":0,"total":0,"unchecked":0,"uncheckedKeysByFile":[],"unmatched":0,"updated":0,"didUpdate":false},"startTime":1775788340311,"success":true,"testResults":[{"assertionResults":[{"ancestorTitles":["item-image-adapter.uploadItemImageAdapter"],"fullName":"item-image-adapter.uploadItemImageAdapter stores files with item_image entity type","status":"passed","title":"stores files with item_image entity type","duration":34.70719999999983,"failureMessages":[],"meta":{}},{"ancestorTitles":["item-image-adapter.uploadItemImageAdapter"],"fullName":"item-image-adapter.uploadItemImageAdapter uses provided sortOrder when given","status":"passed","title":"uses provided sortOrder when given","duration":34.95530099999996,"failureMessages":[],"meta":{}},{"ancestorTitles":["item-image-adapter.uploadItemImageAdapter"],"fullName":"item-image-adapter.uploadItemImageAdapter returns result with id, urls, metadata","status":"passed","title":"returns result with id, urls, metadata","duration":32.60920000000033,"failureMessages":[],"meta":{}},{"ancestorTitles":["item-image-adapter.uploadItemImageAdapter"],"fullName":"item-image-adapter.uploadItemImageAdapter on DB failure cleans up stored files","status":"passed","title":"on DB failure cleans up stored files","duration":35.26660000000038,"failureMessages":[],"meta":{}},{"ancestorTitles":["item-image-adapter.uploadItemImageAdapter"],"fullName":"item-image-adapter.uploadItemImageAdapter auto-computes sort_order when not provided","status":"passed","title":"auto-computes sort_order when not provided","duration":48.37760100000014,"failureMessages":[],"meta":{}},{"ancestorTitles":["item-image-adapter.deleteItemImageAdapter"],"fullName":"item-image-adapter.deleteItemImageAdapter deletes image and removes files from storage","status":"passed","title":"deletes image and removes files from storage","duration":53.97450000000026,"failureMessages":[],"meta":{}},{"ancestorTitles":["item-image-adapter.deleteItemImageAdapter"],"fullName":"item-image-adapter.deleteItemImageAdapter returns early if image not found","status":"passed","title":"returns early if image not found","duration":2.0976999999998043,"failureMessages":[],"meta":{}},{"ancestorTitles":["item-image-adapter.deleteItemImageAdapter"],"fullName":"item-image-adapter.deleteItemImageAdapter rejects delete from different company","status":"passed","title":"rejects delete from different company","duration":24.8779999999997,"failureMessages":[],"meta":{}},{"ancestorTitles":["item-image-adapter.updateItemImageAdapter"],"fullName":"item-image-adapter.updateItemImageAdapter updates sort_order","status":"passed","title":"updates sort_order","duration":49.93430099999978,"failureMessages":[],"meta":{}},{"ancestorTitles":["item-image-adapter.updateItemImageAdapter"],"fullName":"item-image-adapter.updateItemImageAdapter sets is_primary flag and unsets existing primary","status":"passed","title":"sets is_primary flag and unsets existing primary","duration":69.9492009999999,"failureMessages":[],"meta":{}},{"ancestorTitles":["item-image-adapter.updateItemImageAdapter"],"fullName":"item-image-adapter.updateItemImageAdapter returns early if image not found","status":"passed","title":"returns early if image not found","duration":12.747100000000046,"failureMessages":[],"meta":{}},{"ancestorTitles":["item-image-adapter.setPrimaryItemImageAdapter"],"fullName":"item-image-adapter.setPrimaryItemImageAdapter sets image as primary for item","status":"passed","title":"sets image as primary for item","duration":35.625,"failureMessages":[],"meta":{}},{"ancestorTitles":["item-image-adapter.setPrimaryItemImageAdapter"],"fullName":"item-image-adapter.setPrimaryItemImageAdapter returns early if image not found","status":"passed","title":"returns early if image not found","duration":11.934099999999944,"failureMessages":[],"meta":{}},{"ancestorTitles":["item-image-adapter.setPrimaryItemImageAdapter"],"fullName":"item-image-adapter.setPrimaryItemImageAdapter rejects image from different item","status":"passed","title":"rejects image from different item","duration":43.41899999999987,"failureMessages":[],"meta":{}}],"startTime":1775788343119,"endTime":1775788343610.419,"status":"passed","message":"","name":"/home/ahmad/jurnapod/apps/api/__test__/integration/uploader/item-image-adapter.test.ts"},{"assertionResults":[{"ancestorTitles":["item-images exports"],"fullName":"item-images exports exports CrossTenantAccessError","status":"passed","title":"exports CrossTenantAccessError","duration":481.76970499999993,"failureMessages":[],"meta":{}},{"ancestorTitles":["item-images exports"],"fullName":"item-images exports exports verifyItemOwnership function","status":"passed","title":"exports verifyItemOwnership function","duration":0.5576000000000931,"failureMessages":[],"meta":{}},{"ancestorTitles":["item-images exports"],"fullName":"item-images exports exports uploadItemImage function","status":"passed","title":"exports uploadItemImage function","duration":0.358600000000024,"failureMessages":[],"meta":{}},{"ancestorTitles":["item-images exports"],"fullName":"item-images exports exports deleteImage function","status":"passed","title":"exports deleteImage function","duration":0.5907999999999447,"failureMessages":[],"meta":{}},{"ancestorTitles":["item-images exports"],"fullName":"item-images exports exports updateImage function","status":"passed","title":"exports updateImage function","duration":0.3040000000000873,"failureMessages":[],"meta":{}},{"ancestorTitles":["item-images exports"],"fullName":"item-images exports exports setPrimaryImage function","status":"passed","title":"exports setPrimaryImage function","duration":0.49989999999979773,"failureMessages":[],"meta":{}},{"ancestorTitles":["item-images exports"],"fullName":"item-images exports exports getItemImages function","status":"passed","title":"exports getItemImages function","duration":0.6656000000000404,"failureMessages":[],"meta":{}},{"ancestorTitles":["item-images exports"],"fullName":"item-images exports exports getImageById function","status":"passed","title":"exports getImageById function","duration":0.3642000000002099,"failureMessages":[],"meta":{}},{"ancestorTitles":["uploadItemImage signature"],"fullName":"uploadItemImage signature accepts correct parameter types","status":"passed","title":"accepts correct parameter types","duration":0.7056999999999789,"failureMessages":[],"meta":{}},{"ancestorTitles":["deleteImage signature"],"fullName":"deleteImage signature accepts correct parameter types","status":"passed","title":"accepts correct parameter types","duration":0.5081000000000131,"failureMessages":[],"meta":{}},{"ancestorTitles":["updateImage signature"],"fullName":"updateImage signature accepts correct parameter types","status":"passed","title":"accepts correct parameter types","duration":0.46630000000004657,"failureMessages":[],"meta":{}},{"ancestorTitles":["setPrimaryImage signature"],"fullName":"setPrimaryImage signature accepts correct parameter types","status":"passed","title":"accepts correct parameter types","duration":0.4440999999999349,"failureMessages":[],"meta":{}},{"ancestorTitles":["uploadItemImage is thin delegator (AC2)"],"fullName":"uploadItemImage is thin delegator (AC2) is a function that delegates to adapter","status":"passed","title":"is a function that delegates to adapter","duration":0.3547000000000935,"failureMessages":[],"meta":{}},{"ancestorTitles":["deleteImage is thin delegator (AC3)"],"fullName":"deleteImage is thin delegator (AC3) is a function that delegates to adapter","status":"passed","title":"is a function that delegates to adapter","duration":0.2699000000000069,"failureMessages":[],"meta":{}},{"ancestorTitles":["updateImage is thin delegator (AC5)"],"fullName":"updateImage is thin delegator (AC5) is a function that delegates to adapter","status":"passed","title":"is a function that delegates to adapter","duration":0.22869999999988977,"failureMessages":[],"meta":{}},{"ancestorTitles":["setPrimaryImage is thin delegator (AC4)"],"fullName":"setPrimaryImage is thin delegator (AC4) is a function that delegates to adapter","status":"passed","title":"is a function that delegates to adapter","duration":0.241800000000012,"failureMessages":[],"meta":{}},{"ancestorTitles":["code size check (AC8)"],"fullName":"code size check (AC8) item-images.ts is significantly smaller after refactor","status":"passed","title":"item-images.ts is significantly smaller after refactor","duration":0.4655999999999949,"failureMessages":[],"meta":{}}],"startTime":1775788341019,"endTime":1775788341510.4656,"status":"passed","message":"","name":"/home/ahmad/jurnapod/apps/api/__test__/unit/item-images/item-images.test.ts"},{"assertionResults":[{"ancestorTitles":["uploader.index.uploadFile"],"fullName":"uploader.index.uploadFile AC10: validates → processes → stores → returns urls","status":"passed","title":"AC10: validates → processes → stores → returns urls","duration":40.909400000000005,"failureMessages":[],"meta":{}},{"ancestorTitles":["uploader.index.uploadFile"],"fullName":"uploader.index.uploadFile AC11: returns descriptive metadata","status":"passed","title":"AC11: returns descriptive metadata","duration":7.611400000000003,"failureMessages":[],"meta":{}},{"ancestorTitles":["uploader.index.uploadFile"],"fullName":"uploader.index.uploadFile throws with descriptive error when validation fails","status":"passed","title":"throws with descriptive error when validation fails","duration":7.452300000000037,"failureMessages":[],"meta":{}},{"ancestorTitles":["uploader.index.uploadFile"],"fullName":"uploader.index.uploadFile generates unique keys per upload (timestamp + random)","status":"passed","title":"generates unique keys per upload (timestamp + random)","duration":5.52660000000003,"failureMessages":[],"meta":{}},{"ancestorTitles":["uploader.index.uploadFile"],"fullName":"uploader.index.uploadFile AC10: stores with correct entityType in key","status":"passed","title":"AC10: stores with correct entityType in key","duration":4.219500000000039,"failureMessages":[],"meta":{}},{"ancestorTitles":["uploader.index.deleteFile"],"fullName":"uploader.index.deleteFile AC12: deletes all provided file keys","status":"passed","title":"AC12: deletes all provided file keys","duration":2.068200999999931,"failureMessages":[],"meta":{}},{"ancestorTitles":["uploader.index.deleteFile"],"fullName":"uploader.index.deleteFile silently ignores non-existent keys (idempotent)","status":"passed","title":"silently ignores non-existent keys (idempotent)","duration":1.02049999999997,"failureMessages":[],"meta":{}},{"ancestorTitles":["uploader.index.deleteFile"],"fullName":"uploader.index.deleteFile can delete subset of stored files","status":"passed","title":"can delete subset of stored files","duration":1.3350000000000364,"failureMessages":[],"meta":{}}],"startTime":1775788341206,"endTime":1775788341276.335,"status":"passed","message":"","name":"/home/ahmad/jurnapod/apps/api/__test__/unit/uploader/index.test.ts"}]}